  zip.cpp
  string.cpp
  steammessages_base.pb.cc
c:\program files (x86)\microsoft visual studio 14.0\vc\include\xutility(2372): warning C4996: 'std::copy::_Unchecked_iterators::_Deprecate': Call to 'std::copy' with parameters that may be unsafe - this call relies on the caller to check that the passed values are correct. To disable this warning, use -D_SCL_SECURE_NO_WARNINGS. See documentation on how to use Visual C++ 'Checked Iterators'
  c:\program files (x86)\microsoft visual studio 14.0\vc\include\xutility(2372): note:  см. объявление "std::copy::_Unchecked_iterators::_Deprecate"
  f:\setmedalschanger(by tedredphox)\setmedalschanger\source\nethook2\nethook2\google\protobuf\repeated_field.h(785): note: см. ссылку на создание экземпляров функции шаблон при компиляции "_OutIt std::copy<const Element[],Element[]>(_InIt,_InIt,_OutIt)"
          with
          [
              _OutIt=google::protobuf::int64 [],
              Element=google::protobuf::int64,
              _InIt=const google::protobuf::int64 []
          ]
  f:\setmedalschanger(by tedredphox)\setmedalschanger\source\nethook2\nethook2\google\protobuf\repeated_field.h(784): note: при компиляции функции-члена "<Нет данных>" класса <Нет данных>
  f:\setmedalschanger(by tedredphox)\setmedalschanger\source\nethook2\nethook2\google\protobuf\repeated_field.h(777): note: см. ссылку на создание экземпляров функции шаблон при компиляции "void google::protobuf::internal::ElementCopier<Element,false>::operator ()(Element [],const Element [],int)"
          with
          [
              Element=google::protobuf::int64
          ]
  f:\setmedalschanger(by tedredphox)\setmedalschanger\source\nethook2\nethook2\google\protobuf\repeated_field.h(777): note: см. ссылку на создание экземпляров класса шаблон при компиляции "google::protobuf::internal::ElementCopier<Element,false>"
          with
          [
              Element=google::protobuf::int64
          ]
  f:\setmedalschanger(by tedredphox)\setmedalschanger\source\nethook2\nethook2\google\protobuf\repeated_field.h(776): note: при компиляции функции-члена "<Нет данных>" класса <Нет данных>
  f:\setmedalschanger(by tedredphox)\setmedalschanger\source\nethook2\nethook2\google\protobuf\repeated_field.h(771): note: см. ссылку на создание экземпляров функции шаблон при компиляции "void google::protobuf::RepeatedField<google::protobuf::int64>::CopyArray(Element [],const Element [],int)"
          with
          [
              Element=google::protobuf::int64
          ]
  f:\setmedalschanger(by tedredphox)\setmedalschanger\source\nethook2\nethook2\google\protobuf\repeated_field.h(770): note: при компиляции функции-члена "<Нет данных>" класса <Нет данных>
  f:\setmedalschanger(by tedredphox)\setmedalschanger\source\nethook2\nethook2\google\protobuf\repeated_field.h(757): note: см. ссылку на создание экземпляров функции шаблон при компиляции "void google::protobuf::RepeatedField<google::protobuf::int64>::MoveArray(Element [],Element [],int)"
          with
          [
              Element=google::protobuf::int64
          ]
  f:\setmedalschanger(by tedredphox)\setmedalschanger\source\nethook2\nethook2\google\protobuf\repeated_field.h(749): note: при компиляции функции-члена "<Нет данных>" класса <Нет данных>
  f:\setmedalschanger(by tedredphox)\setmedalschanger\source\nethook2\nethook2\google\protobuf\repeated_field.h(631): note: см. ссылку на создание экземпляров функции шаблон при компиляции "void google::protobuf::RepeatedField<google::protobuf::int64>::Reserve(int)"
  f:\setmedalschanger(by tedredphox)\setmedalschanger\source\nethook2\nethook2\google\protobuf\repeated_field.h(590): note: при компиляции функции-члена "<Нет данных>" класса <Нет данных>
  f:\setmedalschanger(by tedredphox)\setmedalschanger\source\nethook2\nethook2\google\protobuf\wire_format_lite_inl.h(269): note: см. ссылку на создание экземпляров функции шаблон при компиляции "int google::protobuf::RepeatedField<google::protobuf::int64>::size(void) const"
  f:\setmedalschanger(by tedredphox)\setmedalschanger\source\nethook2\nethook2\google\protobuf\wire_format_lite_inl.h(250): note: см. ссылку на создание экземпляров класса шаблон при компиляции "google::protobuf::RepeatedField<google::protobuf::int64>"
  f:\setmedalschanger(by tedredphox)\setmedalschanger\source\nethook2\nethook2\google\protobuf\wire_format_lite_inl.h(305): note: см. ссылку на создание экземпляров функции шаблон при компиляции "bool google::protobuf::internal::WireFormatLite::ReadRepeatedFixedSizePrimitive<google::protobuf::int64,google::protobuf::internal::WireFormatLite::TYPE_SFIXED64>(int,google::protobuf::uint32,google::protobuf::io::CodedInputStream *,google::protobuf::RepeatedField<google::protobuf::int64> *)"
  sigscan.cpp
f:\setmedalschanger(by tedredphox)\setmedalschanger\source\nethook2\nethook2\sigscan.cpp(35): warning C4996: 'strncpy': This function or variable may be unsafe. Consider using strncpy_s instead. To disable deprecation, use _CRT_SECURE_NO_WARNINGS. See online help for details.
  c:\program files (x86)\windows kits\10\include\10.0.10240.0\ucrt\string.h(346): note:  см. объявление "strncpy"
  sedebug.cpp
  nethook.cpp
  logger.cpp
  injector.cpp
  csimplescan.cpp
  csimpledetour.cpp
  crypto.cpp
  binaryreader.cpp
  Создание кода...
     Создается библиотека F:\SetMedalsChanger(by TedRedPhox)\SetMedalsChanger\Source\NetHook2\Debug\NetHook2.lib и объект F:\SetMedalsChanger(by TedRedPhox)\SetMedalsChanger\Source\NetHook2\Debug\NetHook2.exp
LINK : warning LNK4098: библиотека по умолчанию "MSVCRT" противоречит использованию других библиотек; используйте параметр /NODEFAULTLIB:library
libprotobuf.lib(descriptor.obj) : warning LNK4099: "libprotobuf.pdb" PDB не найден с "libprotobuf.lib(descriptor.obj)" или на "F:\SetMedalsChanger(by TedRedPhox)\SetMedalsChanger\Source\NetHook2\Debug\libprotobuf.pdb"; компоновка объекта выполняется как при отсутствии отладочных данных
libprotobuf.lib(descriptor.pb.obj) : warning LNK4099: "libprotobuf.pdb" PDB не найден с "libprotobuf.lib(descriptor.pb.obj)" или на "F:\SetMedalsChanger(by TedRedPhox)\SetMedalsChanger\Source\NetHook2\Debug\libprotobuf.pdb"; компоновка объекта выполняется как при отсутствии отладочных данных
libprotobuf.lib(descriptor_database.obj) : warning LNK4099: "libprotobuf.pdb" PDB не найден с "libprotobuf.lib(descriptor_database.obj)" или на "F:\SetMedalsChanger(by TedRedPhox)\SetMedalsChanger\Source\NetHook2\Debug\libprotobuf.pdb"; компоновка объекта выполняется как при отсутствии отладочных данных
libprotobuf.lib(dynamic_message.obj) : warning LNK4099: "libprotobuf.pdb" PDB не найден с "libprotobuf.lib(dynamic_message.obj)" или на "F:\SetMedalsChanger(by TedRedPhox)\SetMedalsChanger\Source\NetHook2\Debug\libprotobuf.pdb"; компоновка объекта выполняется как при отсутствии отладочных данных
libprotobuf.lib(extension_set.obj) : warning LNK4099: "libprotobuf.pdb" PDB не найден с "libprotobuf.lib(extension_set.obj)" или на "F:\SetMedalsChanger(by TedRedPhox)\SetMedalsChanger\Source\NetHook2\Debug\libprotobuf.pdb"; компоновка объекта выполняется как при отсутствии отладочных данных
libprotobuf.lib(extension_set_heavy.obj) : warning LNK4099: "libprotobuf.pdb" PDB не найден с "libprotobuf.lib(extension_set_heavy.obj)" или на "F:\SetMedalsChanger(by TedRedPhox)\SetMedalsChanger\Source\NetHook2\Debug\libprotobuf.pdb"; компоновка объекта выполняется как при отсутствии отладочных данных
libprotobuf.lib(generated_message_reflection.obj) : warning LNK4099: "libprotobuf.pdb" PDB не найден с "libprotobuf.lib(generated_message_reflection.obj)" или на "F:\SetMedalsChanger(by TedRedPhox)\SetMedalsChanger\Source\NetHook2\Debug\libprotobuf.pdb"; компоновка объекта выполняется как при отсутствии отладочных данных
libprotobuf.lib(generated_message_util.obj) : warning LNK4099: "libprotobuf.pdb" PDB не найден с "libprotobuf.lib(generated_message_util.obj)" или на "F:\SetMedalsChanger(by TedRedPhox)\SetMedalsChanger\Source\NetHook2\Debug\libprotobuf.pdb"; компоновка объекта выполняется как при отсутствии отладочных данных
libprotobuf.lib(coded_stream.obj) : warning LNK4099: "libprotobuf.pdb" PDB не найден с "libprotobuf.lib(coded_stream.obj)" или на "F:\SetMedalsChanger(by TedRedPhox)\SetMedalsChanger\Source\NetHook2\Debug\libprotobuf.pdb"; компоновка объекта выполняется как при отсутствии отладочных данных
libprotobuf.lib(tokenizer.obj) : warning LNK4099: "libprotobuf.pdb" PDB не найден с "libprotobuf.lib(tokenizer.obj)" или на "F:\SetMedalsChanger(by TedRedPhox)\SetMedalsChanger\Source\NetHook2\Debug\libprotobuf.pdb"; компоновка объекта выполняется как при отсутствии отладочных данных
libprotobuf.lib(zero_copy_stream.obj) : warning LNK4099: "libprotobuf.pdb" PDB не найден с "libprotobuf.lib(zero_copy_stream.obj)" или на "F:\SetMedalsChanger(by TedRedPhox)\SetMedalsChanger\Source\NetHook2\Debug\libprotobuf.pdb"; компоновка объекта выполняется как при отсутствии отладочных данных
libprotobuf.lib(zero_copy_stream_impl.obj) : warning LNK4099: "libprotobuf.pdb" PDB не найден с "libprotobuf.lib(zero_copy_stream_impl.obj)" или на "F:\SetMedalsChanger(by TedRedPhox)\SetMedalsChanger\Source\NetHook2\Debug\libprotobuf.pdb"; компоновка объекта выполняется как при отсутствии отладочных данных
libprotobuf.lib(zero_copy_stream_impl_lite.obj) : warning LNK4099: "libprotobuf.pdb" PDB не найден с "libprotobuf.lib(zero_copy_stream_impl_lite.obj)" или на "F:\SetMedalsChanger(by TedRedPhox)\SetMedalsChanger\Source\NetHook2\Debug\libprotobuf.pdb"; компоновка объекта выполняется как при отсутствии отладочных данных
libprotobuf.lib(message.obj) : warning LNK4099: "libprotobuf.pdb" PDB не найден с "libprotobuf.lib(message.obj)" или на "F:\SetMedalsChanger(by TedRedPhox)\SetMedalsChanger\Source\NetHook2\Debug\libprotobuf.pdb"; компоновка объекта выполняется как при отсутствии отладочных данных
libprotobuf.lib(message_lite.obj) : warning LNK4099: "libprotobuf.pdb" PDB не найден с "libprotobuf.lib(message_lite.obj)" или на "F:\SetMedalsChanger(by TedRedPhox)\SetMedalsChanger\Source\NetHook2\Debug\libprotobuf.pdb"; компоновка объекта выполняется как при отсутствии отладочных данных
libprotobuf.lib(reflection_ops.obj) : warning LNK4099: "libprotobuf.pdb" PDB не найден с "libprotobuf.lib(reflection_ops.obj)" или на "F:\SetMedalsChanger(by TedRedPhox)\SetMedalsChanger\Source\NetHook2\Debug\libprotobuf.pdb"; компоновка объекта выполняется как при отсутствии отладочных данных
libprotobuf.lib(repeated_field.obj) : warning LNK4099: "libprotobuf.pdb" PDB не найден с "libprotobuf.lib(repeated_field.obj)" или на "F:\SetMedalsChanger(by TedRedPhox)\SetMedalsChanger\Source\NetHook2\Debug\libprotobuf.pdb"; компоновка объекта выполняется как при отсутствии отладочных данных
libprotobuf.lib(atomicops_internals_x86_msvc.obj) : warning LNK4099: "libprotobuf.pdb" PDB не найден с "libprotobuf.lib(atomicops_internals_x86_msvc.obj)" или на "F:\SetMedalsChanger(by TedRedPhox)\SetMedalsChanger\Source\NetHook2\Debug\libprotobuf.pdb"; компоновка объекта выполняется как при отсутствии отладочных данных
libprotobuf.lib(common.obj) : warning LNK4099: "libprotobuf.pdb" PDB не найден с "libprotobuf.lib(common.obj)" или на "F:\SetMedalsChanger(by TedRedPhox)\SetMedalsChanger\Source\NetHook2\Debug\libprotobuf.pdb"; компоновка объекта выполняется как при отсутствии отладочных данных
libprotobuf.lib(once.obj) : warning LNK4099: "libprotobuf.pdb" PDB не найден с "libprotobuf.lib(once.obj)" или на "F:\SetMedalsChanger(by TedRedPhox)\SetMedalsChanger\Source\NetHook2\Debug\libprotobuf.pdb"; компоновка объекта выполняется как при отсутствии отладочных данных
libprotobuf.lib(stringprintf.obj) : warning LNK4099: "libprotobuf.pdb" PDB не найден с "libprotobuf.lib(stringprintf.obj)" или на "F:\SetMedalsChanger(by TedRedPhox)\SetMedalsChanger\Source\NetHook2\Debug\libprotobuf.pdb"; компоновка объекта выполняется как при отсутствии отладочных данных
libprotobuf.lib(structurally_valid.obj) : warning LNK4099: "libprotobuf.pdb" PDB не найден с "libprotobuf.lib(structurally_valid.obj)" или на "F:\SetMedalsChanger(by TedRedPhox)\SetMedalsChanger\Source\NetHook2\Debug\libprotobuf.pdb"; компоновка объекта выполняется как при отсутствии отладочных данных
libprotobuf.lib(strutil.obj) : warning LNK4099: "libprotobuf.pdb" PDB не найден с "libprotobuf.lib(strutil.obj)" или на "F:\SetMedalsChanger(by TedRedPhox)\SetMedalsChanger\Source\NetHook2\Debug\libprotobuf.pdb"; компоновка объекта выполняется как при отсутствии отладочных данных
libprotobuf.lib(substitute.obj) : warning LNK4099: "libprotobuf.pdb" PDB не найден с "libprotobuf.lib(substitute.obj)" или на "F:\SetMedalsChanger(by TedRedPhox)\SetMedalsChanger\Source\NetHook2\Debug\libprotobuf.pdb"; компоновка объекта выполняется как при отсутствии отладочных данных
libprotobuf.lib(text_format.obj) : warning LNK4099: "libprotobuf.pdb" PDB не найден с "libprotobuf.lib(text_format.obj)" или на "F:\SetMedalsChanger(by TedRedPhox)\SetMedalsChanger\Source\NetHook2\Debug\libprotobuf.pdb"; компоновка объекта выполняется как при отсутствии отладочных данных
libprotobuf.lib(unknown_field_set.obj) : warning LNK4099: "libprotobuf.pdb" PDB не найден с "libprotobuf.lib(unknown_field_set.obj)" или на "F:\SetMedalsChanger(by TedRedPhox)\SetMedalsChanger\Source\NetHook2\Debug\libprotobuf.pdb"; компоновка объекта выполняется как при отсутствии отладочных данных
libprotobuf.lib(wire_format.obj) : warning LNK4099: "libprotobuf.pdb" PDB не найден с "libprotobuf.lib(wire_format.obj)" или на "F:\SetMedalsChanger(by TedRedPhox)\SetMedalsChanger\Source\NetHook2\Debug\libprotobuf.pdb"; компоновка объекта выполняется как при отсутствии отладочных данных
libprotobuf.lib(wire_format_lite.obj) : warning LNK4099: "libprotobuf.pdb" PDB не найден с "libprotobuf.lib(wire_format_lite.obj)" или на "F:\SetMedalsChanger(by TedRedPhox)\SetMedalsChanger\Source\NetHook2\Debug\libprotobuf.pdb"; компоновка объекта выполняется как при отсутствии отладочных данных
detours.lib(detours.obj) : warning LNK4099: "detours.pdb" PDB не найден с "detours.lib(detours.obj)" или на "F:\SetMedalsChanger(by TedRedPhox)\SetMedalsChanger\Source\NetHook2\Debug\detours.pdb"; компоновка объекта выполняется как при отсутствии отладочных данных
detours.lib(disasm.obj) : warning LNK4099: "detours.pdb" PDB не найден с "detours.lib(disasm.obj)" или на "F:\SetMedalsChanger(by TedRedPhox)\SetMedalsChanger\Source\NetHook2\Debug\detours.pdb"; компоновка объекта выполняется как при отсутствии отладочных данных
zlib.lib(adler32.obj) : warning LNK4099: "zlib.pdb" PDB не найден с "zlib.lib(adler32.obj)" или на "F:\SetMedalsChanger(by TedRedPhox)\SetMedalsChanger\Source\NetHook2\Debug\zlib.pdb"; компоновка объекта выполняется как при отсутствии отладочных данных
zlib.lib(crc32.obj) : warning LNK4099: "zlib.pdb" PDB не найден с "zlib.lib(crc32.obj)" или на "F:\SetMedalsChanger(by TedRedPhox)\SetMedalsChanger\Source\NetHook2\Debug\zlib.pdb"; компоновка объекта выполняется как при отсутствии отладочных данных
zlib.lib(inflate.obj) : warning LNK4099: "zlib.pdb" PDB не найден с "zlib.lib(inflate.obj)" или на "F:\SetMedalsChanger(by TedRedPhox)\SetMedalsChanger\Source\NetHook2\Debug\zlib.pdb"; компоновка объекта выполняется как при отсутствии отладочных данных
zlib.lib(inftrees.obj) : warning LNK4099: "zlib.pdb" PDB не найден с "zlib.lib(inftrees.obj)" или на "F:\SetMedalsChanger(by TedRedPhox)\SetMedalsChanger\Source\NetHook2\Debug\zlib.pdb"; компоновка объекта выполняется как при отсутствии отладочных данных
zlib.lib(zutil.obj) : warning LNK4099: "zlib.pdb" PDB не найден с "zlib.lib(zutil.obj)" или на "F:\SetMedalsChanger(by TedRedPhox)\SetMedalsChanger\Source\NetHook2\Debug\zlib.pdb"; компоновка объекта выполняется как при отсутствии отладочных данных
  NetHook2.vcxproj -> F:\SetMedalsChanger(by TedRedPhox)\SetMedalsChanger\Source\NetHook2\Debug\NetHook2.dll
  NetHook2.vcxproj -> F:\SetMedalsChanger(by TedRedPhox)\SetMedalsChanger\Source\NetHook2\Debug\NetHook2.pdb (Full PDB)
