c:\users\ted\desktop\steamkit-master\steamkit-master\resources\nethook2\nethook2\debug\vc140.pdb
c:\users\ted\desktop\steamkit-master\steamkit-master\resources\nethook2\nethook2\debug\vc140.idb
c:\users\ted\desktop\steamkit-master\steamkit-master\resources\nethook2\nethook2\debug\binaryreader.obj
c:\users\ted\desktop\steamkit-master\steamkit-master\resources\nethook2\nethook2\debug\crypto.obj
c:\users\ted\desktop\steamkit-master\steamkit-master\resources\nethook2\nethook2\debug\csimpledetour.obj
c:\users\ted\desktop\steamkit-master\steamkit-master\resources\nethook2\nethook2\debug\csimplescan.obj
c:\users\ted\desktop\steamkit-master\steamkit-master\resources\nethook2\nethook2\debug\injector.obj
c:\users\ted\desktop\steamkit-master\steamkit-master\resources\nethook2\nethook2\debug\logger.obj
c:\users\ted\desktop\steamkit-master\steamkit-master\resources\nethook2\nethook2\debug\nethook.obj
c:\users\ted\desktop\steamkit-master\steamkit-master\resources\nethook2\nethook2\debug\sedebug.obj
c:\users\ted\desktop\steamkit-master\steamkit-master\resources\nethook2\nethook2\debug\sigscan.obj
c:\users\ted\desktop\steamkit-master\steamkit-master\resources\nethook2\nethook2\debug\steammessages_base.pb.obj
c:\users\ted\desktop\steamkit-master\steamkit-master\resources\nethook2\nethook2\debug\string.obj
c:\users\ted\desktop\steamkit-master\steamkit-master\resources\nethook2\nethook2\debug\zip.obj
c:\users\ted\desktop\steamkit-master\steamkit-master\resources\nethook2\debug\nethook2.ilk
c:\users\ted\desktop\steamkit-master\steamkit-master\resources\nethook2\debug\nethook2.dll
c:\users\ted\desktop\steamkit-master\steamkit-master\resources\nethook2\debug\nethook2.pdb
c:\users\ted\desktop\steamkit-master\steamkit-master\resources\nethook2\debug\nethook2.lib
c:\users\ted\desktop\steamkit-master\steamkit-master\resources\nethook2\debug\nethook2.exp
c:\users\ted\desktop\steamkit-master\steamkit-master\resources\nethook2\nethook2\debug\nethook2.tlog\cl.command.1.tlog
c:\users\ted\desktop\steamkit-master\steamkit-master\resources\nethook2\nethook2\debug\nethook2.tlog\cl.read.1.tlog
c:\users\ted\desktop\steamkit-master\steamkit-master\resources\nethook2\nethook2\debug\nethook2.tlog\cl.write.1.tlog
c:\users\ted\desktop\steamkit-master\steamkit-master\resources\nethook2\nethook2\debug\nethook2.tlog\link.command.1.tlog
c:\users\ted\desktop\steamkit-master\steamkit-master\resources\nethook2\nethook2\debug\nethook2.tlog\link.read.1.tlog
c:\users\ted\desktop\steamkit-master\steamkit-master\resources\nethook2\nethook2\debug\nethook2.tlog\link.write.1.tlog
c:\users\ted\desktop\steamkit-master\steamkit-master\resources\nethook2\nethook2\debug\nethook2.tlog\nethook2.write.1u.tlog
